[debug] [2020-10-15T03:56:05.866Z] ----------------------------------------------------------------------
[debug] [2020-10-15T03:56:05.869Z] Command:       D:\p\nodejs\node.exe C:\Users\t\AppData\Roaming\npm\node_modules\firebase-tools\lib\bin\firebase.js init
[debug] [2020-10-15T03:56:05.869Z] CLI Version:   8.12.1
[debug] [2020-10-15T03:56:05.870Z] Platform:      win32
[debug] [2020-10-15T03:56:05.870Z] Node Version:  v12.18.3
[debug] [2020-10-15T03:56:05.871Z] Time:          Thu Oct 15 2020 10:56:05 GMT+0700 (Indochina Time)
[debug] [2020-10-15T03:56:05.871Z] ----------------------------------------------------------------------
[debug] [2020-10-15T03:56:05.871Z] 
[debug] [2020-10-15T03:56:05.879Z] > command requires scopes: ["email","openid","https://www.googleapis.com/auth/cloudplatformprojects.readonly","https://www.googleapis.com/auth/firebase","https://www.googleapis.com/auth/cloud-platform"]
[debug] [2020-10-15T03:56:05.879Z] > authorizing via signed-in user
[info] 
     ######## #### ########  ######## ########     ###     ######  ########
     ##        ##  ##     ## ##       ##     ##  ##   ##  ##       ##
     ######    ##  ########  ######   ########  #########  ######  ######
     ##        ##  ##    ##  ##       ##     ## ##     ##       ## ##
     ##       #### ##     ## ######## ########  ##     ##  ######  ########

You're about to initialize a Firebase project in this directory:

  D:\project\angular\project01

Before we get started, keep in mind:

  * You are initializing in an existing Firebase project directory

